Started GET "/" for 127.0.0.1 at 2020-04-13 07:11:18 +0500
Started GET "/" for 127.0.0.1 at 2020-04-13 07:11:18 +0500
  [1m[35m (29.7ms)[0m  [1m[34mSELECT sqlite_version(*)[0m
  [1m[35m (26.2ms)[0m  [1m[34mSELECT sqlite_version(*)[0m
Processing by Rails::WelcomeController#index as HTML
Processing by Rails::WelcomeController#index as HTML
  Rendering D:/ruby/Ruby26-x64/lib/ruby/gems/2.6.0/gems/railties-6.0.2.2/lib/rails/templates/rails/welcome/index.html.erb
  Rendering D:/ruby/Ruby26-x64/lib/ruby/gems/2.6.0/gems/railties-6.0.2.2/lib/rails/templates/rails/welcome/index.html.erb
  Rendered D:/ruby/Ruby26-x64/lib/ruby/gems/2.6.0/gems/railties-6.0.2.2/lib/rails/templates/rails/welcome/index.html.erb (Duration: 102.6ms | Allocations: 427)
  Rendered D:/ruby/Ruby26-x64/lib/ruby/gems/2.6.0/gems/railties-6.0.2.2/lib/rails/templates/rails/welcome/index.html.erb (Duration: 99.6ms | Allocations: 344)
Completed 200 OK in 372ms (Views: 226.5ms | ActiveRecord: 0.0ms | Allocations: 2927)


Completed 200 OK in 351ms (Views: 229.9ms | ActiveRecord: 0.0ms | Allocations: 2609)


  [1m[35m (8.3ms)[0m  [1m[34mSELECT sqlite_version(*)[0m
  [1m[35m (108.8ms)[0m  [1m[35mCREATE TABLE "schema_migrations" ("version" varchar NOT NULL PRIMARY KEY)[0m
  [1m[35m (110.9ms)[0m  [1m[35mCREATE TABLE "ar_internal_metadata" ("key" varchar NOT NULL PRIMARY KEY, "value" varchar, "created_at" datetime(6) NOT NULL, "updated_at" datetime(6) NOT NULL)[0m
  [1m[36mActiveRecord::InternalMetadata Load (0.4ms)[0m  [1m[34mSELECT "ar_internal_metadata".* FROM "ar_internal_metadata" WHERE "ar_internal_metadata"."key" = ? LIMIT ?[0m  [["key", "environment"], ["LIMIT", 1]]
  [1m[35m (0.1ms)[0m  [1m[36mbegin transaction[0m
  [1m[36mActiveRecord::InternalMetadata Create (1.1ms)[0m  [1m[32mINSERT INTO "ar_internal_metadata" ("key", "value", "created_at", "updated_at") VALUES (?, ?, ?, ?)[0m  [["key", "environment"], ["value", "development"], ["created_at", "2020-04-13 02:14:33.723767"], ["updated_at", "2020-04-13 02:14:33.723767"]]
  [1m[35m (108.6ms)[0m  [1m[36mcommit transaction[0m
  [1m[35m (0.2ms)[0m  [1m[34mSELECT sqlite_version(*)[0m
  [1m[35m (0.4ms)[0m  [1m[34mSELECT "schema_migrations"."version" FROM "schema_migrations" ORDER BY "schema_migrations"."version" ASC[0m
Started GET "/" for 127.0.0.1 at 2020-04-13 07:16:51 +0500
  [1m[35m (19.1ms)[0m  [1m[34mSELECT sqlite_version(*)[0m
Processing by ApplicationController#hello as HTML
  Rendering html template
  Rendered html template (Duration: 0.1ms | Allocations: 5)
Completed 200 OK in 86ms (Views: 74.0ms | ActiveRecord: 0.0ms | Allocations: 1550)


Started GET "/staticpages/home" for 127.0.0.1 at 2020-04-13 07:32:03 +0500
  [1m[35m (0.3ms)[0m  [1m[34mSELECT sqlite_version(*)[0m
  
ActionController::RoutingError (No route matches [GET] "/staticpages/home"):
  
actionpack (6.0.2.2) lib/action_dispatch/middleware/debug_exceptions.rb:36:in `call'
web-console (4.0.1) lib/web_console/middleware.rb:132:in `call_app'
web-console (4.0.1) lib/web_console/middleware.rb:28:in `block in call'
web-console (4.0.1) lib/web_console/middleware.rb:17:in `catch'
web-console (4.0.1) lib/web_console/middleware.rb:17:in `call'
actionpack (6.0.2.2) lib/action_dispatch/middleware/show_exceptions.rb:33:in `call'
railties (6.0.2.2) lib/rails/rack/logger.rb:38:in `call_app'
railties (6.0.2.2) lib/rails/rack/logger.rb:26:in `block in call'
activesupport (6.0.2.2) lib/active_support/tagged_logging.rb:80:in `block in tagged'
activesupport (6.0.2.2) lib/active_support/tagged_logging.rb:28:in `tagged'
activesupport (6.0.2.2) lib/active_support/tagged_logging.rb:80:in `tagged'
railties (6.0.2.2) lib/rails/rack/logger.rb:26:in `call'
sprockets-rails (3.2.1) lib/sprockets/rails/quiet_assets.rb:13:in `call'
actionpack (6.0.2.2) lib/action_dispatch/middleware/remote_ip.rb:81:in `call'
actionpack (6.0.2.2) lib/action_dispatch/middleware/request_id.rb:27:in `call'
rack (2.2.2) lib/rack/method_override.rb:24:in `call'
rack (2.2.2) lib/rack/runtime.rb:22:in `call'
activesupport (6.0.2.2) lib/active_support/cache/strategy/local_cache_middleware.rb:29:in `call'
actionpack (6.0.2.2) lib/action_dispatch/middleware/executor.rb:14:in `call'
actionpack (6.0.2.2) lib/action_dispatch/middleware/static.rb:126:in `call'
rack (2.2.2) lib/rack/sendfile.rb:110:in `call'
actionpack (6.0.2.2) lib/action_dispatch/middleware/host_authorization.rb:83:in `call'
webpacker (4.0.7) lib/webpacker/dev_server_proxy.rb:29:in `perform_request'
rack-proxy (0.6.5) lib/rack/proxy.rb:57:in `call'
railties (6.0.2.2) lib/rails/engine.rb:526:in `call'
puma (3.12.2) lib/puma/configuration.rb:227:in `call'
puma (3.12.2) lib/puma/server.rb:674:in `handle_request'
puma (3.12.2) lib/puma/server.rb:476:in `process_client'
puma (3.12.2) lib/puma/server.rb:334:in `block in run'
puma (3.12.2) lib/puma/thread_pool.rb:135:in `block in spawn_thread'
Started GET "/static_pages/home" for 127.0.0.1 at 2020-04-13 07:33:20 +0500
Processing by StaticPagesController#home as HTML
  Rendering static_pages/home.html.erb within layouts/application
  Rendered static_pages/home.html.erb within layouts/application (Duration: 1.2ms | Allocations: 83)
[Webpacker] Compiling…
[Webpacker] Compiled all packs in D:/ruby/project/SampleApplication/public/packs
[Webpacker] Hash: 32e57f147dbdcbbf0c82
Version: webpack 4.42.1
Time: 11083ms
Built at: 04/13/2020 7:34:50 AM
                                     Asset       Size       Chunks                         Chunk Names
    js/application-bbe9c4a129ab949e0636.js    124 KiB  application  [emitted] [immutable]  application
js/application-bbe9c4a129ab949e0636.js.map    139 KiB  application  [emitted] [dev]        application
                             manifest.json  364 bytes               [emitted]              
Entrypoint application = js/application-bbe9c4a129ab949e0636.js js/application-bbe9c4a129ab949e0636.js.map
[./app/javascript/channels sync recursive _channel\.js$] ./app/javascript/channels sync _channel\.js$ 160 bytes {application} [built]
[./app/javascript/channels/index.js] 211 bytes {application} [built]
[./app/javascript/packs/application.js] 749 bytes {application} [built]
[./node_modules/webpack/buildin/module.js] (webpack)/buildin/module.js 552 bytes {application} [built]
    + 3 hidden modules

Completed 200 OK in 89556ms (Views: 89548.7ms | ActiveRecord: 0.0ms | Allocations: 1379372)


Started GET "/static_pages/home" for 127.0.0.1 at 2020-04-13 07:47:08 +0500
  [1m[35m (0.4ms)[0m  [1m[34mSELECT sqlite_version(*)[0m
Processing by StaticPagesController#home as HTML
  Rendering static_pages/home.html.erb within layouts/application
  Rendered static_pages/home.html.erb within layouts/application (Duration: 2.3ms | Allocations: 91)
Completed 200 OK in 180ms (Views: 170.9ms | ActiveRecord: 0.0ms | Allocations: 7264)


  [1m[35m (14.7ms)[0m  [1m[34mSELECT sqlite_version(*)[0m
  [1m[36mActiveRecord::InternalMetadata Load (10.6ms)[0m  [1m[34mSELECT "ar_internal_metadata".* FROM "ar_internal_metadata" WHERE "ar_internal_metadata"."key" = ? LIMIT ?[0m  [["key", "environment"], ["LIMIT", 1]]
  [1m[35m (0.3ms)[0m  [1m[34mSELECT sqlite_version(*)[0m
  [1m[35m (11.7ms)[0m  [1m[34mSELECT "schema_migrations"."version" FROM "schema_migrations" ORDER BY "schema_migrations"."version" ASC[0m
Started GET "/static_pages/about" for 127.0.0.1 at 2020-04-13 08:20:41 +0500
  [1m[35m (0.2ms)[0m  [1m[34mSELECT sqlite_version(*)[0m
Processing by StaticPagesController#about as HTML
  Rendering static_pages/about.erb within layouts/application
  Rendered static_pages/about.erb within layouts/application (Duration: 1.1ms | Allocations: 90)
Completed 200 OK in 188ms (Views: 182.1ms | ActiveRecord: 0.0ms | Allocations: 7386)


Started GET "/static_pages/about" for 127.0.0.1 at 2020-04-13 08:37:55 +0500
  [1m[35m (0.3ms)[0m  [1m[34mSELECT sqlite_version(*)[0m
Processing by StaticPagesController#about as HTML
  Rendering static_pages/about.erb
  Rendered static_pages/about.erb (Duration: 3.1ms | Allocations: 96)
Completed 200 OK in 72ms (Views: 58.9ms | ActiveRecord: 0.0ms | Allocations: 1783)


Started GET "/static_pages/about" for 127.0.0.1 at 2020-04-13 09:17:22 +0500
  [1m[35m (47.7ms)[0m  [1m[34mSELECT sqlite_version(*)[0m
Processing by StaticPagesController#about as HTML
  Rendering static_pages/about.erb within layouts/application
  Rendered static_pages/about.erb within layouts/application (Duration: 280.5ms | Allocations: 166)
Completed 200 OK in 3552ms (Views: 3023.1ms | ActiveRecord: 0.0ms | Allocations: 7475)


Started GET "/static_pages/home" for 127.0.0.1 at 2020-04-13 09:17:36 +0500
Processing by StaticPagesController#home as HTML
  Rendering static_pages/home.html.erb within layouts/application
  Rendered static_pages/home.html.erb within layouts/application (Duration: 269.4ms | Allocations: 100)
Completed 200 OK in 1647ms (Views: 1302.1ms | ActiveRecord: 0.0ms | Allocations: 6622)


Started GET "/static_pages/contact" for 127.0.0.1 at 2020-04-13 10:02:44 +0500
  [1m[35m (0.4ms)[0m  [1m[34mSELECT sqlite_version(*)[0m
Processing by StaticPagesController#contact as HTML
  Rendering static_pages/contact.html.erb within layouts/application
  Rendered static_pages/contact.html.erb within layouts/application (Duration: 21.2ms | Allocations: 102)
Completed 200 OK in 743ms (Views: 694.2ms | ActiveRecord: 0.0ms | Allocations: 7429)


  [1m[35m (11.9ms)[0m  [1m[34mSELECT sqlite_version(*)[0m
  [1m[36mActiveRecord::InternalMetadata Load (0.8ms)[0m  [1m[34mSELECT "ar_internal_metadata".* FROM "ar_internal_metadata" WHERE "ar_internal_metadata"."key" = ? LIMIT ?[0m  [["key", "environment"], ["LIMIT", 1]]
  [1m[35m (0.1ms)[0m  [1m[34mSELECT sqlite_version(*)[0m
  [1m[35m (0.3ms)[0m  [1m[34mSELECT "schema_migrations"."version" FROM "schema_migrations" ORDER BY "schema_migrations"."version" ASC[0m
Started GET "/" for 127.0.0.1 at 2020-04-13 10:57:18 +0500
Started GET "/" for 127.0.0.1 at 2020-04-13 10:57:19 +0500
  
ArgumentError (Missing :controller key on routes definition, please check your routes.):
  
config/routes.rb:2:in `block in <top (required)>'
config/routes.rb:1:in `<top (required)>'
  
ArgumentError (Missing :controller key on routes definition, please check your routes.):
  
config/routes.rb:2:in `block in <top (required)>'
config/routes.rb:1:in `<top (required)>'
Started GET "/" for 127.0.0.1 at 2020-04-13 11:00:16 +0500
  
ArgumentError (Missing :controller key on routes definition, please check your routes.):
  
config/routes.rb:2:in `block in <top (required)>'
config/routes.rb:1:in `<top (required)>'
Started GET "/" for 127.0.0.1 at 2020-04-13 11:01:54 +0500
  
ArgumentError (Missing :controller key on routes definition, please check your routes.):
  
config/routes.rb:2:in `block in <top (required)>'
config/routes.rb:1:in `<top (required)>'
Started GET "/" for 127.0.0.1 at 2020-04-13 11:02:27 +0500
  
ArgumentError (Missing :controller key on routes definition, please check your routes.):
  
config/routes.rb:2:in `block in <top (required)>'
config/routes.rb:1:in `<top (required)>'
Started GET "/" for 127.0.0.1 at 2020-04-13 11:03:52 +0500
  
ArgumentError (Missing :controller key on routes definition, please check your routes.):
  
config/routes.rb:2:in `block in <top (required)>'
config/routes.rb:1:in `<top (required)>'
Started GET "/" for 127.0.0.1 at 2020-04-13 11:05:08 +0500
  [1m[35m (39.4ms)[0m  [1m[34mSELECT sqlite_version(*)[0m
Processing by StaticPagesController#home as HTML
  Rendering static_pages/home.html.erb within layouts/application
  Rendered static_pages/home.html.erb within layouts/application (Duration: 25.3ms | Allocations: 99)
Completed 200 OK in 1576ms (Views: 1080.0ms | ActiveRecord: 0.0ms | Allocations: 7424)


Started GET "/" for 127.0.0.1 at 2020-04-14 16:05:49 +0500
Started GET "/" for 127.0.0.1 at 2020-04-14 16:05:49 +0500
  [1m[35m (33.2ms)[0m  [1m[34mSELECT sqlite_version(*)[0m
  [1m[35m (27.1ms)[0m  [1m[34mSELECT sqlite_version(*)[0m
Processing by StaticPagesController#home as HTML
Processing by StaticPagesController#home as HTML
  Rendering static_pages/home.html.erb within layouts/application
  Rendering static_pages/home.html.erb within layouts/application
  Rendered static_pages/home.html.erb within layouts/application (Duration: 1539.3ms | Allocations: 519424)
Completed 500 Internal Server Error in 2093ms (ActiveRecord: 0.0ms | Allocations: 523168)


  Rendered static_pages/home.html.erb within layouts/application (Duration: 1529.5ms | Allocations: 519817)
Completed 500 Internal Server Error in 2255ms (ActiveRecord: 0.0ms | Allocations: 524374)


  
ActionView::Template::Error (The asset "rails.svg" is not present in the asset pipeline.):
     7:   </h2>
     8:   <%= link_to "Sign up now!", '#', class: "btn btn-lg btn-primary" %>
     9: </div>
    10: <%= link_to image_tag("rails.svg", alt: "Rails logo", width: "200"), "https://rubyonrails.org/" %>
  
app/views/static_pages/home.html.erb:10
  
ActionView::Template::Error (The asset "rails.svg" is not present in the asset pipeline.):
     7:   </h2>
     8:   <%= link_to "Sign up now!", '#', class: "btn btn-lg btn-primary" %>
     9: </div>
    10: <%= link_to image_tag("rails.svg", alt: "Rails logo", width: "200"), "https://rubyonrails.org/" %>
  
app/views/static_pages/home.html.erb:10
Started GET "/" for 127.0.0.1 at 2020-04-14 16:12:31 +0500
Started GET "/" for 127.0.0.1 at 2020-04-14 16:12:31 +0500
  [1m[35m (18.6ms)[0m  [1m[34mSELECT sqlite_version(*)[0m
  [1m[35m (13.6ms)[0m  [1m[34mSELECT sqlite_version(*)[0m
Processing by StaticPagesController#home as HTML
Processing by StaticPagesController#home as HTML
  Rendering static_pages/home.html.erb within layouts/application
  Rendering static_pages/home.html.erb within layouts/application
Started GET "/" for 127.0.0.1 at 2020-04-14 16:13:05 +0500
  [1m[35m (0.4ms)[0m  [1m[34mSELECT sqlite_version(*)[0m
Processing by StaticPagesController#home as HTML
  Rendering static_pages/home.html.erb within layouts/application
  Rendered static_pages/home.html.erb within layouts/application (Duration: 87711.6ms | Allocations: 2924793)
  Rendered static_pages/home.html.erb within layouts/application (Duration: 121940.2ms | Allocations: 3740740)
  Rendered static_pages/home.html.erb within layouts/application (Duration: 121943.5ms | Allocations: 3741017)
Completed 200 OK in 122210ms (Views: 122146.3ms | ActiveRecord: 0.0ms | Allocations: 3761754)


Completed 200 OK in 122200ms (Views: 122162.8ms | ActiveRecord: 0.0ms | Allocations: 3761446)


Completed 200 OK in 87878ms (Views: 87875.8ms | ActiveRecord: 0.0ms | Allocations: 2943480)


Started GET "/" for 127.0.0.1 at 2020-04-14 16:25:20 +0500
  [1m[35m (45.2ms)[0m  [1m[34mSELECT sqlite_version(*)[0m
Processing by StaticPagesController#home as HTML
  Rendering static_pages/home.html.erb within layouts/application
Started GET "/" for 127.0.0.1 at 2020-04-14 16:26:08 +0500
  [1m[35m (0.2ms)[0m  [1m[34mSELECT sqlite_version(*)[0m
Processing by StaticPagesController#home as HTML
  Rendering static_pages/home.html.erb within layouts/application
  Rendered static_pages/home.html.erb within layouts/application (Duration: 63410.9ms | Allocations: 5300276)
Completed 200 OK in 64013ms (Views: 63902.5ms | ActiveRecord: 0.0ms | Allocations: 5353178)


  Rendered static_pages/home.html.erb within layouts/application (Duration: 41711.8ms | Allocations: 2986849)
Completed 200 OK in 42020ms (Views: 42018.7ms | ActiveRecord: 0.0ms | Allocations: 3032307)


Started GET "/" for 127.0.0.1 at 2020-04-14 16:30:23 +0500
Processing by StaticPagesController#home as HTML
  Rendering static_pages/home.html.erb within layouts/application
  Rendered static_pages/home.html.erb within layouts/application (Duration: 18.5ms | Allocations: 849)
Completed 200 OK in 13413ms (Views: 13409.7ms | ActiveRecord: 0.0ms | Allocations: 1347339)


Started GET "/" for 127.0.0.1 at 2020-04-14 16:31:43 +0500
Processing by StaticPagesController#home as HTML
  Rendering static_pages/home.html.erb within layouts/application
  Rendered static_pages/home.html.erb within layouts/application (Duration: 22.4ms | Allocations: 846)
Completed 500 Internal Server Error in 4842ms (ActiveRecord: 0.0ms | Allocations: 516267)


  
ActionView::Template::Error (Invalid CSS after "/": expected identifier, was "* header */"):
     5:   <meta charset="utf-8">
     6:   <%= csrf_meta_tags %>
     7:   <%= csp_meta_tag %>
     8:   <%= stylesheet_link_tag 'application', media: 'all',
     9:                           'data-turbolinks-track': 'reload' %>
    10:   <%= javascript_pack_tag 'application', 'data-turbolinks-track': 'reload' %>
    11:   <!--[if lt IE 9]>
  
app/assets/stylesheets/custom.scss:43
app/views/layouts/application.html.erb:8
Started GET "/" for 127.0.0.1 at 2020-04-14 16:32:02 +0500
Processing by StaticPagesController#home as HTML
  Rendering static_pages/home.html.erb within layouts/application
  Rendered static_pages/home.html.erb within layouts/application (Duration: 31.9ms | Allocations: 859)
Completed 200 OK in 9583ms (Views: 9580.3ms | ActiveRecord: 0.0ms | Allocations: 1357118)


Started GET "/" for 127.0.0.1 at 2020-04-14 16:32:45 +0500
Processing by StaticPagesController#home as HTML
  Rendering static_pages/home.html.erb within layouts/application
  Rendered static_pages/home.html.erb within layouts/application (Duration: 25.0ms | Allocations: 846)
Completed 200 OK in 560ms (Views: 557.2ms | ActiveRecord: 0.0ms | Allocations: 46806)


Started GET "/" for 127.0.0.1 at 2020-04-14 16:33:09 +0500
Processing by StaticPagesController#home as HTML
  Rendering static_pages/home.html.erb within layouts/application
  Rendered static_pages/home.html.erb within layouts/application (Duration: 12.5ms | Allocations: 849)
Completed 200 OK in 9830ms (Views: 9828.8ms | ActiveRecord: 0.0ms | Allocations: 1363945)


Started GET "/" for 127.0.0.1 at 2020-04-14 16:33:32 +0500
Processing by StaticPagesController#home as HTML
  Rendering static_pages/home.html.erb within layouts/application
  Rendered static_pages/home.html.erb within layouts/application (Duration: 21.2ms | Allocations: 846)
Completed 200 OK in 542ms (Views: 538.0ms | ActiveRecord: 0.0ms | Allocations: 47640)


